===================
test5: NO LEAKS
Valgrind output: 
==4797== Memcheck, a memory error detector
==4797== Copyright (C) 2002-2022, and GNU GPL'd, by Julian Seward et al.
==4797== Using Valgrind-3.22.0 and LibVEX; rerun with -h for copyright info
==4797== Command: /home/112401018/cs2013_112401018/lab09/src/5/5
==4797== 
22680
==4797== 
==4797== HEAP SUMMARY:
==4797==     in use at exit: 0 bytes in 0 blocks
==4797==   total heap usage: 23 allocs, 23 frees, 16,800 bytes allocated
==4797== 
==4797== All heap blocks were freed -- no leaks are possible
==4797== 
==4797== For lists of detected and suppressed errors, rerun with: -s
==4797== ERROR SUMMARY: 0 errors from 0 contexts (suppressed: 0 from 0)
===================

===================
test2: NO LEAKS
Valgrind output: 
==4803== Memcheck, a memory error detector
==4803== Copyright (C) 2002-2022, and GNU GPL'd, by Julian Seward et al.
==4803== Using Valgrind-3.22.0 and LibVEX; rerun with -h for copyright info
==4803== Command: /home/112401018/cs2013_112401018/lab09/src/5/5
==4803== 
60060
==4803== 
==4803== HEAP SUMMARY:
==4803==     in use at exit: 0 bytes in 0 blocks
==4803==   total heap usage: 15 allocs, 15 frees, 16,588 bytes allocated
==4803== 
==4803== All heap blocks were freed -- no leaks are possible
==4803== 
==4803== For lists of detected and suppressed errors, rerun with: -s
==4803== ERROR SUMMARY: 0 errors from 0 contexts (suppressed: 0 from 0)
===================

===================
test1: NO LEAKS
Valgrind output: 
==4808== Memcheck, a memory error detector
==4808== Copyright (C) 2002-2022, and GNU GPL'd, by Julian Seward et al.
==4808== Using Valgrind-3.22.0 and LibVEX; rerun with -h for copyright info
==4808== Command: /home/112401018/cs2013_112401018/lab09/src/5/5
==4808== 
65520
==4808== 
==4808== HEAP SUMMARY:
==4808==     in use at exit: 0 bytes in 0 blocks
==4808==   total heap usage: 15 allocs, 15 frees, 16,588 bytes allocated
==4808== 
==4808== All heap blocks were freed -- no leaks are possible
==4808== 
==4808== For lists of detected and suppressed errors, rerun with: -s
==4808== ERROR SUMMARY: 0 errors from 0 contexts (suppressed: 0 from 0)
===================

===================
test4: NO LEAKS
Valgrind output: 
==4813== Memcheck, a memory error detector
==4813== Copyright (C) 2002-2022, and GNU GPL'd, by Julian Seward et al.
==4813== Using Valgrind-3.22.0 and LibVEX; rerun with -h for copyright info
==4813== Command: /home/112401018/cs2013_112401018/lab09/src/5/5
==4813== 
60900
==4813== 
==4813== HEAP SUMMARY:
==4813==     in use at exit: 0 bytes in 0 blocks
==4813==   total heap usage: 23 allocs, 23 frees, 16,800 bytes allocated
==4813== 
==4813== All heap blocks were freed -- no leaks are possible
==4813== 
==4813== For lists of detected and suppressed errors, rerun with: -s
==4813== ERROR SUMMARY: 0 errors from 0 contexts (suppressed: 0 from 0)
===================

===================
test3: NO LEAKS
Valgrind output: 
==4818== Memcheck, a memory error detector
==4818== Copyright (C) 2002-2022, and GNU GPL'd, by Julian Seward et al.
==4818== Using Valgrind-3.22.0 and LibVEX; rerun with -h for copyright info
==4818== Command: /home/112401018/cs2013_112401018/lab09/src/5/5
==4818== 
0
==4818== 
==4818== HEAP SUMMARY:
==4818==     in use at exit: 0 bytes in 0 blocks
==4818==   total heap usage: 15 allocs, 15 frees, 16,588 bytes allocated
==4818== 
==4818== All heap blocks were freed -- no leaks are possible
==4818== 
==4818== For lists of detected and suppressed errors, rerun with: -s
==4818== ERROR SUMMARY: 0 errors from 0 contexts (suppressed: 0 from 0)
===================

++++++++++++++++++++++
TESTS_SHOWING_LEAK: 5
TESTS_WITH_NO_LEAK: 0
++++++++++++++++++++++

