===================
test19: NO LEAKS
Valgrind output: 
==16808== Memcheck, a memory error detector
==16808== Copyright (C) 2002-2022, and GNU GPL'd, by Julian Seward et al.
==16808== Using Valgrind-3.22.0 and LibVEX; rerun with -h for copyright info
==16808== Command: /home/112401018/cs2013_112401018/lab10/src/1/1
==16808== 
75 50 100 
Deleted
True
100 75 
==16808== 
==16808== HEAP SUMMARY:
==16808==     in use at exit: 0 bytes in 0 blocks
==16808==   total heap usage: 5 allocs, 5 frees, 16,432 bytes allocated
==16808== 
==16808== All heap blocks were freed -- no leaks are possible
==16808== 
==16808== For lists of detected and suppressed errors, rerun with: -s
==16808== ERROR SUMMARY: 0 errors from 0 contexts (suppressed: 0 from 0)
===================

===================
test18: NO LEAKS
Valgrind output: 
==16813== Memcheck, a memory error detector
==16813== Copyright (C) 2002-2022, and GNU GPL'd, by Julian Seward et al.
==16813== Using Valgrind-3.22.0 and LibVEX; rerun with -h for copyright info
==16813== Command: /home/112401018/cs2013_112401018/lab10/src/1/1
==16813== 
True
5 15 25 
Deleted
15 25 
==16813== 
==16813== HEAP SUMMARY:
==16813==     in use at exit: 0 bytes in 0 blocks
==16813==   total heap usage: 5 allocs, 5 frees, 16,432 bytes allocated
==16813== 
==16813== All heap blocks were freed -- no leaks are possible
==16813== 
==16813== For lists of detected and suppressed errors, rerun with: -s
==16813== ERROR SUMMARY: 0 errors from 0 contexts (suppressed: 0 from 0)
===================

===================
test12: NO LEAKS
Valgrind output: 
==16818== Memcheck, a memory error detector
==16818== Copyright (C) 2002-2022, and GNU GPL'd, by Julian Seward et al.
==16818== Using Valgrind-3.22.0 and LibVEX; rerun with -h for copyright info
==16818== Command: /home/112401018/cs2013_112401018/lab10/src/1/1
==16818== 
33 22 11 
True
False
Deleted
33 22 
22 33 
==16818== 
==16818== HEAP SUMMARY:
==16818==     in use at exit: 0 bytes in 0 blocks
==16818==   total heap usage: 5 allocs, 5 frees, 16,432 bytes allocated
==16818== 
==16818== All heap blocks were freed -- no leaks are possible
==16818== 
==16818== For lists of detected and suppressed errors, rerun with: -s
==16818== ERROR SUMMARY: 0 errors from 0 contexts (suppressed: 0 from 0)
===================

===================
test5: NO LEAKS
Valgrind output: 
==16823== Memcheck, a memory error detector
==16823== Copyright (C) 2002-2022, and GNU GPL'd, by Julian Seward et al.
==16823== Using Valgrind-3.22.0 and LibVEX; rerun with -h for copyright info
==16823== Command: /home/112401018/cs2013_112401018/lab10/src/1/1
==16823== 
True
Deleted
21 19 14 
==16823== 
==16823== HEAP SUMMARY:
==16823==     in use at exit: 0 bytes in 0 blocks
==16823==   total heap usage: 6 allocs, 6 frees, 16,448 bytes allocated
==16823== 
==16823== All heap blocks were freed -- no leaks are possible
==16823== 
==16823== For lists of detected and suppressed errors, rerun with: -s
==16823== ERROR SUMMARY: 0 errors from 0 contexts (suppressed: 0 from 0)
===================

===================
test9: NO LEAKS
Valgrind output: 
==16828== Memcheck, a memory error detector
==16828== Copyright (C) 2002-2022, and GNU GPL'd, by Julian Seward et al.
==16828== Using Valgrind-3.22.0 and LibVEX; rerun with -h for copyright info
==16828== Command: /home/112401018/cs2013_112401018/lab10/src/1/1
==16828== 
True
21 19 14 12 
12 14 19 21 
Deleted
12 19 21 
Deleted
100 12 21 
Failed
100 12 21 
==16828== 
==16828== HEAP SUMMARY:
==16828==     in use at exit: 0 bytes in 0 blocks
==16828==   total heap usage: 7 allocs, 7 frees, 16,464 bytes allocated
==16828== 
==16828== All heap blocks were freed -- no leaks are possible
==16828== 
==16828== For lists of detected and suppressed errors, rerun with: -s
==16828== ERROR SUMMARY: 0 errors from 0 contexts (suppressed: 0 from 0)
===================

===================
test7: NO LEAKS
Valgrind output: 
==16833== Memcheck, a memory error detector
==16833== Copyright (C) 2002-2022, and GNU GPL'd, by Julian Seward et al.
==16833== Using Valgrind-3.22.0 and LibVEX; rerun with -h for copyright info
==16833== Command: /home/112401018/cs2013_112401018/lab10/src/1/1
==16833== 
True
Deleted
21 19 12 
Deleted
21 12 
==16833== 
==16833== HEAP SUMMARY:
==16833==     in use at exit: 0 bytes in 0 blocks
==16833==   total heap usage: 6 allocs, 6 frees, 16,448 bytes allocated
==16833== 
==16833== All heap blocks were freed -- no leaks are possible
==16833== 
==16833== For lists of detected and suppressed errors, rerun with: -s
==16833== ERROR SUMMARY: 0 errors from 0 contexts (suppressed: 0 from 0)
===================

===================
test17: NO LEAKS
Valgrind output: 
==16838== Memcheck, a memory error detector
==16838== Copyright (C) 2002-2022, and GNU GPL'd, by Julian Seward et al.
==16838== Using Valgrind-3.22.0 and LibVEX; rerun with -h for copyright info
==16838== Command: /home/112401018/cs2013_112401018/lab10/src/1/1
==16838== 
20 10 30 
False
Deleted
20 30 
==16838== 
==16838== HEAP SUMMARY:
==16838==     in use at exit: 0 bytes in 0 blocks
==16838==   total heap usage: 5 allocs, 5 frees, 16,432 bytes allocated
==16838== 
==16838== All heap blocks were freed -- no leaks are possible
==16838== 
==16838== For lists of detected and suppressed errors, rerun with: -s
==16838== ERROR SUMMARY: 0 errors from 0 contexts (suppressed: 0 from 0)
===================

===================
test14: NO LEAKS
Valgrind output: 
==16843== Memcheck, a memory error detector
==16843== Copyright (C) 2002-2022, and GNU GPL'd, by Julian Seward et al.
==16843== Using Valgrind-3.22.0 and LibVEX; rerun with -h for copyright info
==16843== Command: /home/112401018/cs2013_112401018/lab10/src/1/1
==16843== 
Failed
True
False
60 40 50 
==16843== 
==16843== HEAP SUMMARY:
==16843==     in use at exit: 0 bytes in 0 blocks
==16843==   total heap usage: 5 allocs, 5 frees, 16,432 bytes allocated
==16843== 
==16843== All heap blocks were freed -- no leaks are possible
==16843== 
==16843== For lists of detected and suppressed errors, rerun with: -s
==16843== ERROR SUMMARY: 0 errors from 0 contexts (suppressed: 0 from 0)
===================

===================
test2: NO LEAKS
Valgrind output: 
==16848== Memcheck, a memory error detector
==16848== Copyright (C) 2002-2022, and GNU GPL'd, by Julian Seward et al.
==16848== Using Valgrind-3.22.0 and LibVEX; rerun with -h for copyright info
==16848== Command: /home/112401018/cs2013_112401018/lab10/src/1/1
==16848== 
13 12 
==16848== 
==16848== HEAP SUMMARY:
==16848==     in use at exit: 0 bytes in 0 blocks
==16848==   total heap usage: 4 allocs, 4 frees, 16,416 bytes allocated
==16848== 
==16848== All heap blocks were freed -- no leaks are possible
==16848== 
==16848== For lists of detected and suppressed errors, rerun with: -s
==16848== ERROR SUMMARY: 0 errors from 0 contexts (suppressed: 0 from 0)
===================

===================
test8: NO LEAKS
Valgrind output: 
==16853== Memcheck, a memory error detector
==16853== Copyright (C) 2002-2022, and GNU GPL'd, by Julian Seward et al.
==16853== Using Valgrind-3.22.0 and LibVEX; rerun with -h for copyright info
==16853== Command: /home/112401018/cs2013_112401018/lab10/src/1/1
==16853== 
True
Deleted
21 19 12 
Deleted
100 21 12 
Failed
100 21 12 
==16853== 
==16853== HEAP SUMMARY:
==16853==     in use at exit: 0 bytes in 0 blocks
==16853==   total heap usage: 7 allocs, 7 frees, 16,464 bytes allocated
==16853== 
==16853== All heap blocks were freed -- no leaks are possible
==16853== 
==16853== For lists of detected and suppressed errors, rerun with: -s
==16853== ERROR SUMMARY: 0 errors from 0 contexts (suppressed: 0 from 0)
===================

===================
test13: NO LEAKS
Valgrind output: 
==16858== Memcheck, a memory error detector
==16858== Copyright (C) 2002-2022, and GNU GPL'd, by Julian Seward et al.
==16858== Using Valgrind-3.22.0 and LibVEX; rerun with -h for copyright info
==16858== Command: /home/112401018/cs2013_112401018/lab10/src/1/1
==16858== 
-1
False
Failed
Deleted
-1
==16858== 
==16858== HEAP SUMMARY:
==16858==     in use at exit: 0 bytes in 0 blocks
==16858==   total heap usage: 3 allocs, 3 frees, 16,400 bytes allocated
==16858== 
==16858== All heap blocks were freed -- no leaks are possible
==16858== 
==16858== For lists of detected and suppressed errors, rerun with: -s
==16858== ERROR SUMMARY: 0 errors from 0 contexts (suppressed: 0 from 0)
===================

===================
test11: NO LEAKS
Valgrind output: 
==16863== Memcheck, a memory error detector
==16863== Copyright (C) 2002-2022, and GNU GPL'd, by Julian Seward et al.
==16863== Using Valgrind-3.22.0 and LibVEX; rerun with -h for copyright info
==16863== Command: /home/112401018/cs2013_112401018/lab10/src/1/1
==16863== 
7 
==16863== 
==16863== HEAP SUMMARY:
==16863==     in use at exit: 0 bytes in 0 blocks
==16863==   total heap usage: 3 allocs, 3 frees, 16,400 bytes allocated
==16863== 
==16863== All heap blocks were freed -- no leaks are possible
==16863== 
==16863== For lists of detected and suppressed errors, rerun with: -s
==16863== ERROR SUMMARY: 0 errors from 0 contexts (suppressed: 0 from 0)
===================

===================
test6: NO LEAKS
Valgrind output: 
==16868== Memcheck, a memory error detector
==16868== Copyright (C) 2002-2022, and GNU GPL'd, by Julian Seward et al.
==16868== Using Valgrind-3.22.0 and LibVEX; rerun with -h for copyright info
==16868== Command: /home/112401018/cs2013_112401018/lab10/src/1/1
==16868== 
True
Deleted
21 19 12 
==16868== 
==16868== HEAP SUMMARY:
==16868==     in use at exit: 0 bytes in 0 blocks
==16868==   total heap usage: 6 allocs, 6 frees, 16,448 bytes allocated
==16868== 
==16868== All heap blocks were freed -- no leaks are possible
==16868== 
==16868== For lists of detected and suppressed errors, rerun with: -s
==16868== ERROR SUMMARY: 0 errors from 0 contexts (suppressed: 0 from 0)
===================

===================
test16: NO LEAKS
Valgrind output: 
==16873== Memcheck, a memory error detector
==16873== Copyright (C) 2002-2022, and GNU GPL'd, by Julian Seward et al.
==16873== Using Valgrind-3.22.0 and LibVEX; rerun with -h for copyright info
==16873== Command: /home/112401018/cs2013_112401018/lab10/src/1/1
==16873== 
25 15 5 
Deleted
25 5 
Deleted
25 
Deleted
-1
==16873== 
==16873== HEAP SUMMARY:
==16873==     in use at exit: 0 bytes in 0 blocks
==16873==   total heap usage: 5 allocs, 5 frees, 16,432 bytes allocated
==16873== 
==16873== All heap blocks were freed -- no leaks are possible
==16873== 
==16873== For lists of detected and suppressed errors, rerun with: -s
==16873== ERROR SUMMARY: 0 errors from 0 contexts (suppressed: 0 from 0)
===================

===================
test15: NO LEAKS
Valgrind output: 
==16878== Memcheck, a memory error detector
==16878== Copyright (C) 2002-2022, and GNU GPL'd, by Julian Seward et al.
==16878== Using Valgrind-3.22.0 and LibVEX; rerun with -h for copyright info
==16878== Command: /home/112401018/cs2013_112401018/lab10/src/1/1
==16878== 
20 10 10 
Deleted
True
20 10 
==16878== 
==16878== HEAP SUMMARY:
==16878==     in use at exit: 0 bytes in 0 blocks
==16878==   total heap usage: 5 allocs, 5 frees, 16,432 bytes allocated
==16878== 
==16878== All heap blocks were freed -- no leaks are possible
==16878== 
==16878== For lists of detected and suppressed errors, rerun with: -s
==16878== ERROR SUMMARY: 0 errors from 0 contexts (suppressed: 0 from 0)
===================

===================
test20: NO LEAKS
Valgrind output: 
==16883== Memcheck, a memory error detector
==16883== Copyright (C) 2002-2022, and GNU GPL'd, by Julian Seward et al.
==16883== Using Valgrind-3.22.0 and LibVEX; rerun with -h for copyright info
==16883== Command: /home/112401018/cs2013_112401018/lab10/src/1/1
==16883== 
False
100 20 9 6 
6 9 20 100 
Deleted
True
6 9 20 
==16883== 
==16883== HEAP SUMMARY:
==16883==     in use at exit: 0 bytes in 0 blocks
==16883==   total heap usage: 6 allocs, 6 frees, 16,448 bytes allocated
==16883== 
==16883== All heap blocks were freed -- no leaks are possible
==16883== 
==16883== For lists of detected and suppressed errors, rerun with: -s
==16883== ERROR SUMMARY: 0 errors from 0 contexts (suppressed: 0 from 0)
===================

===================
test1: NO LEAKS
Valgrind output: 
==16888== Memcheck, a memory error detector
==16888== Copyright (C) 2002-2022, and GNU GPL'd, by Julian Seward et al.
==16888== Using Valgrind-3.22.0 and LibVEX; rerun with -h for copyright info
==16888== Command: /home/112401018/cs2013_112401018/lab10/src/1/1
==16888== 
12 
==16888== 
==16888== HEAP SUMMARY:
==16888==     in use at exit: 0 bytes in 0 blocks
==16888==   total heap usage: 3 allocs, 3 frees, 16,400 bytes allocated
==16888== 
==16888== All heap blocks were freed -- no leaks are possible
==16888== 
==16888== For lists of detected and suppressed errors, rerun with: -s
==16888== ERROR SUMMARY: 0 errors from 0 contexts (suppressed: 0 from 0)
===================

===================
test10: NO LEAKS
Valgrind output: 
==16893== Memcheck, a memory error detector
==16893== Copyright (C) 2002-2022, and GNU GPL'd, by Julian Seward et al.
==16893== Using Valgrind-3.22.0 and LibVEX; rerun with -h for copyright info
==16893== Command: /home/112401018/cs2013_112401018/lab10/src/1/1
==16893== 
True
21 19 14 12 
12 14 19 21 
Deleted
21 19 12 
Deleted
100 21 12 
Failed
100 21 12 
==16893== 
==16893== HEAP SUMMARY:
==16893==     in use at exit: 0 bytes in 0 blocks
==16893==   total heap usage: 7 allocs, 7 frees, 16,464 bytes allocated
==16893== 
==16893== All heap blocks were freed -- no leaks are possible
==16893== 
==16893== For lists of detected and suppressed errors, rerun with: -s
==16893== ERROR SUMMARY: 0 errors from 0 contexts (suppressed: 0 from 0)
===================

===================
test4: NO LEAKS
Valgrind output: 
==16898== Memcheck, a memory error detector
==16898== Copyright (C) 2002-2022, and GNU GPL'd, by Julian Seward et al.
==16898== Using Valgrind-3.22.0 and LibVEX; rerun with -h for copyright info
==16898== Command: /home/112401018/cs2013_112401018/lab10/src/1/1
==16898== 
True
21 19 14 12 
==16898== 
==16898== HEAP SUMMARY:
==16898==     in use at exit: 0 bytes in 0 blocks
==16898==   total heap usage: 6 allocs, 6 frees, 16,448 bytes allocated
==16898== 
==16898== All heap blocks were freed -- no leaks are possible
==16898== 
==16898== For lists of detected and suppressed errors, rerun with: -s
==16898== ERROR SUMMARY: 0 errors from 0 contexts (suppressed: 0 from 0)
===================

===================
test3: NO LEAKS
Valgrind output: 
==16903== Memcheck, a memory error detector
==16903== Copyright (C) 2002-2022, and GNU GPL'd, by Julian Seward et al.
==16903== Using Valgrind-3.22.0 and LibVEX; rerun with -h for copyright info
==16903== Command: /home/112401018/cs2013_112401018/lab10/src/1/1
==16903== 
21 19 14 12 
==16903== 
==16903== HEAP SUMMARY:
==16903==     in use at exit: 0 bytes in 0 blocks
==16903==   total heap usage: 6 allocs, 6 frees, 16,448 bytes allocated
==16903== 
==16903== All heap blocks were freed -- no leaks are possible
==16903== 
==16903== For lists of detected and suppressed errors, rerun with: -s
==16903== ERROR SUMMARY: 0 errors from 0 contexts (suppressed: 0 from 0)
===================

++++++++++++++++++++++
TESTS_WITH_NO_LEAK: 20
TESTS_SHOWING_LEAK: 0
++++++++++++++++++++++

