===================
test5: PASSED
Given input
16.64409622780459863636
Got output: 
16.64410
===================

===================
test7: PASSED
Given input
1.001
Got output: 
1.00100
===================

===================
test2: PASSED
Given input
6.65763849112183945454
Got output: 
6.65764
===================

===================
test8: PASSED
Given input
11.9999999
Got output: 
12.00000
===================

===================
test6: PASSED
Given input
19.97291547336551836363
Got output: 
19.97292
===================

===================
test1: PASSED
Given input
3.32881924556091972727
Got output: 
3.32882
===================

===================
test4: PASSED
Given input
13.31527698224367890909
Got output: 
13.31528
===================

===================
test3: PASSED
Given input
9.98645773668275918181
Got output: 
9.98646
===================


+++++++++++++++++++
TESTS_PASSED: 8
TESTS_FAILED: 0
+++++++++++++++++++

