===================
test12: PASSED
Given input
10
Got output: 
12
===================

===================
test5: PASSED
Given input
1
Got output: 
1
===================

===================
test9: PASSED
Given input
0
Got output: 
0
===================

===================
test7: PASSED
Given input
1000000
Got output: 
3641100
===================

===================
test14: PASSED
Given input
255
Got output: 
377
===================

===================
test2: PASSED
Given input
1234
Got output: 
2322
===================

===================
test8: PASSED
Given input
65535
Got output: 
177777
===================

===================
test13: PASSED
Given input
100
Got output: 
144
===================

===================
test11: PASSED
Given input
8
Got output: 
10
===================

===================
test6: PASSED
Given input
4
Got output: 
4
===================

===================
test1: PASSED
Given input
155
Got output: 
233
===================

===================
test10: PASSED
Given input
7
Got output: 
7
===================

===================
test4: PASSED
Given input
857
Got output: 
1531
===================

===================
test3: PASSED
Given input
9834
Got output: 
23152
===================


+++++++++++++++++++
TESTS_PASSED: 14
TESTS_FAILED: 0
+++++++++++++++++++

