===================
test5: PASSED
Given input
1 2 3
4 5 6
7 8 9
1 2 3
4 5 6
7 8 9

Got output: 
30 66 102
36 81 126
42 96 150
===================

===================
test7: PASSED
Given input
1 0 0
0 1 0
0 0 1
9 8 7
6 5 4
3 2 1
Got output: 
9 6 3
8 5 2
7 4 1
===================

===================
test2: PASSED
Given input
8  7  6
4  3  2
0 -1 -2
-5 -4 -3
-1  0  1
3  4  5
Got output: 
-29 -17 -5 
-8 -8 -8 
13 1 -11 
===================

===================
test6: PASSED
Given input
0 0 0
0 0 0
0 0 0
1 2 3
4 5 6
7 8 9
Got output: 
0 0 0
0 0 0
0 0 0
===================

===================
test1: PASSED
Given input
5 12 -3
0 8 14
3 -6 9
2  4  6
1  3  5
9  0 -1
Got output: 
-5 134 81 
56 24 -6 
93 26 -21 
===================

===================
test4: PASSED
Given input
7  14 21
6 12 18
5 10 15
-1  0  1
-3 -2 -1
3  4  5
Got output: 
14 12 10 
56 48 40 
98 84 70 
===================

===================
test3: PASSED
Given input
11 12 13
15 16 17
19 20 21
-1  0  1
-3 -2 -1
3  4  5
Got output: 
-8 -12 -16 
28 36 44 
64 84 104 
===================


+++++++++++++++++++
TESTS_PASSED: 7
TESTS_FAILED: 0
+++++++++++++++++++

