===================
test5: PASSED
Given input
1 2 3 4
5 6 7 8
9 10 11 12
1 1 1 1
1 1 1 1
1 1 1 1
Got output: 
2 3 4 5
6 7 8 9
10 11 12 13
===================

===================
test9: PASSED
Given input
1 2 3 4
5 6 7 8
9 10 11 12
1 0 0 1
0 1 1 0
1 0 0 1
Got output: 
2 2 3 5
5 7 8 8
10 10 11 13
===================

===================
test7: PASSED
Given input
10 20 30 40
50 60 70 80
90 100 110 120
-1 -2 -3 -4
-5 -6 -7 -8
-9 -10 -11 -12
Got output: 
9 18 27 36
45 54 63 72
81 90 99 108
===================

===================
test2: PASSED
Given input
8  7  6  5
4  3  2  1
0 -1 -2 -3
-5 -4 -3 -2
-1  0  1  2
3  4  5  6
Got output: 
3 3 3 3 
3 3 3 3 
3 3 3 3 
===================

===================
test8: PASSED
Given input
10 20 30 40
50 60 70 80
90 100 110 120
-1 -2 -3 -4
-5 -6 -7 -8
-9 -10 -11 -12

Got output: 
9 18 27 36
45 54 63 72
81 90 99 108
===================

===================
test6: PASSED
Given input
0 0 0 0
0 0 0 0
0 0 0 0
2 4 6 8
1 3 5 7
9 11 13 15
Got output: 
2 4 6 8
1 3 5 7
9 11 13 15
===================

===================
test1: PASSED
Given input
5 12 -3 7
0 8 14 -1
3 -6 9 4
2  4  6  8
1  3  5  7
9  0 -1 -2
Got output: 
7 16 3 15 
1 11 19 6 
12 -6 8 2 
===================

===================
test10: PASSED
Given input
1 0 0 0
0 1 0 0
0 0 1 0
2 4 6 8
1 3 5 7
9 11 13 15
Got output: 
3 4 6 8
1 4 5 7
9 11 14 15
===================

===================
test4: PASSED
Given input
7  14 21 28
6 12 18 24
5 10 15 20
-1  0  1  2
-3 -2 -1  0
3  4  5  6
Got output: 
6 14 22 30 
3 10 17 24 
8 14 20 26 
===================

===================
test3: PASSED
Given input
11 12 13 14
15 16 17 18
19 20 21 22
-1  0  1  2
-3 -2 -1  0
3  4  5  6
Got output: 
10 12 14 16 
12 14 16 18 
22 24 26 28 
===================


+++++++++++++++++++
TESTS_PASSED: 10
TESTS_FAILED: 0
+++++++++++++++++++

