===================
test5: PASSED
Given input
13
Got output: 
78910111213
67891011
56789
4567
345
23
1
===================

===================
test9: PASSED
Given input
15
Got output: 
89101112131415
78910111213
67891011
56789
4567
345
23
1
===================

===================
test7: PASSED
Given input
1
Got output: 
1
===================

===================
test2: PASSED
Given input
7
Got output: 
4567
345
23
1
===================

===================
test8: PASSED
Given input
11
Got output: 
67891011
56789
4567
345
23
1
===================

===================
test6: PASSED
Given input
31
Got output: 
16171819202122232425262728293031
151617181920212223242526272829
1415161718192021222324252627
13141516171819202122232425
121314151617181920212223
1112131415161718192021
10111213141516171819
91011121314151617
89101112131415
78910111213
67891011
56789
4567
345
23
1
===================

===================
test1: PASSED
Given input
3
Got output: 
23
1
===================

===================
test10: PASSED
Given input
9
Got output: 
56789
4567
345
23
1
===================

===================
test4: PASSED
Given input
29
Got output: 
151617181920212223242526272829
1415161718192021222324252627
13141516171819202122232425
121314151617181920212223
1112131415161718192021
10111213141516171819
91011121314151617
89101112131415
78910111213
67891011
56789
4567
345
23
1
===================

===================
test3: PASSED
Given input
17
Got output: 
91011121314151617
89101112131415
78910111213
67891011
56789
4567
345
23
1
===================


+++++++++++++++++++
TESTS_PASSED: 10
TESTS_FAILED: 0
+++++++++++++++++++

