===================
test12: PASSED
Given input
150
Got output: 
0
1
1
2
3
5
8
13
21
34
55
89
144
===================

===================
test5: PASSED
Given input
10
Got output: 
0
1
1
2
3
5
8
===================

===================
test9: PASSED
Given input
13
Got output: 
0
1
1
2
3
5
8
13
===================

===================
test7: PASSED
Given input
3
Got output: 
0
1
1
2
3
===================

===================
test2: PASSED
Given input
1
Got output: 
0
1
1
===================

===================
test8: PASSED
Given input
4
Got output: 
0
1
1
2
3
===================

===================
test11: PASSED
Given input
6
Got output: 
0
1
1
2
3
5
===================

===================
test6: PASSED
Given input
100
Got output: 
0
1
1
2
3
5
8
13
21
34
55
89
===================

===================
test1: PASSED
Given input
0
Got output: 
0
===================

===================
test10: PASSED
Given input
5
Got output: 
0
1
1
2
3
5
===================

===================
test4: PASSED
Given input
123987123
Got output: 
0
1
1
2
3
5
8
13
21
34
55
89
144
233
377
610
987
1597
2584
4181
6765
10946
17711
28657
46368
75025
121393
196418
317811
514229
832040
1346269
2178309
3524578
5702887
9227465
14930352
24157817
39088169
63245986
102334155
===================

===================
test3: PASSED
Given input
2
Got output: 
0
1
1
2
===================


+++++++++++++++++++
TESTS_PASSED: 12
TESTS_FAILED: 0
+++++++++++++++++++

