===================
test5: NO LEAKS
Valgrind output: 
==14103== Memcheck, a memory error detector
==14103== Copyright (C) 2002-2022, and GNU GPL'd, by Julian Seward et al.
==14103== Using Valgrind-3.22.0 and LibVEX; rerun with -h for copyright info
==14103== Command: /home/112401018/cs2013_112401018/lab10/src/4/4
==14103== 
1999999999999999999999999998
==14103== 
==14103== HEAP SUMMARY:
==14103==     in use at exit: 0 bytes in 0 blocks
==14103==   total heap usage: 11 allocs, 11 frees, 16,864 bytes allocated
==14103== 
==14103== All heap blocks were freed -- no leaks are possible
==14103== 
==14103== For lists of detected and suppressed errors, rerun with: -s
==14103== ERROR SUMMARY: 0 errors from 0 contexts (suppressed: 0 from 0)
===================

===================
test9: NO LEAKS
Valgrind output: 
==14108== Memcheck, a memory error detector
==14108== Copyright (C) 2002-2022, and GNU GPL'd, by Julian Seward et al.
==14108== Using Valgrind-3.22.0 and LibVEX; rerun with -h for copyright info
==14108== Command: /home/112401018/cs2013_112401018/lab10/src/4/4
==14108== 
1999999999123456789098765432
==14108== 
==14108== HEAP SUMMARY:
==14108==     in use at exit: 0 bytes in 0 blocks
==14108==   total heap usage: 11 allocs, 11 frees, 16,864 bytes allocated
==14108== 
==14108== All heap blocks were freed -- no leaks are possible
==14108== 
==14108== For lists of detected and suppressed errors, rerun with: -s
==14108== ERROR SUMMARY: 0 errors from 0 contexts (suppressed: 0 from 0)
===================

===================
test7: NO LEAKS
Valgrind output: 
==14113== Memcheck, a memory error detector
==14113== Copyright (C) 2002-2022, and GNU GPL'd, by Julian Seward et al.
==14113== Using Valgrind-3.22.0 and LibVEX; rerun with -h for copyright info
==14113== Command: /home/112401018/cs2013_112401018/lab10/src/4/4
==14113== 
1000000002000000300000000400000000050100
==14113== 
==14113== HEAP SUMMARY:
==14113==     in use at exit: 0 bytes in 0 blocks
==14113==   total heap usage: 11 allocs, 11 frees, 16,864 bytes allocated
==14113== 
==14113== All heap blocks were freed -- no leaks are possible
==14113== 
==14113== For lists of detected and suppressed errors, rerun with: -s
==14113== ERROR SUMMARY: 0 errors from 0 contexts (suppressed: 0 from 0)
===================

===================
test2: NO LEAKS
Valgrind output: 
==14118== Memcheck, a memory error detector
==14118== Copyright (C) 2002-2022, and GNU GPL'd, by Julian Seward et al.
==14118== Using Valgrind-3.22.0 and LibVEX; rerun with -h for copyright info
==14118== Command: /home/112401018/cs2013_112401018/lab10/src/4/4
==14118== 
1000000000000000000000000000
==14118== 
==14118== HEAP SUMMARY:
==14118==     in use at exit: 0 bytes in 0 blocks
==14118==   total heap usage: 11 allocs, 11 frees, 16,864 bytes allocated
==14118== 
==14118== All heap blocks were freed -- no leaks are possible
==14118== 
==14118== For lists of detected and suppressed errors, rerun with: -s
==14118== ERROR SUMMARY: 0 errors from 0 contexts (suppressed: 0 from 0)
===================

===================
test8: NO LEAKS
Valgrind output: 
==14123== Memcheck, a memory error detector
==14123== Copyright (C) 2002-2022, and GNU GPL'd, by Julian Seward et al.
==14123== Using Valgrind-3.22.0 and LibVEX; rerun with -h for copyright info
==14123== Command: /home/112401018/cs2013_112401018/lab10/src/4/4
==14123== 
5000001003456788657257898244356842
==14123== 
==14123== HEAP SUMMARY:
==14123==     in use at exit: 0 bytes in 0 blocks
==14123==   total heap usage: 11 allocs, 11 frees, 16,864 bytes allocated
==14123== 
==14123== All heap blocks were freed -- no leaks are possible
==14123== 
==14123== For lists of detected and suppressed errors, rerun with: -s
==14123== ERROR SUMMARY: 0 errors from 0 contexts (suppressed: 0 from 0)
===================

===================
test11: NO LEAKS
Valgrind output: 
==14128== Memcheck, a memory error detector
==14128== Copyright (C) 2002-2022, and GNU GPL'd, by Julian Seward et al.
==14128== Using Valgrind-3.22.0 and LibVEX; rerun with -h for copyright info
==14128== Command: /home/112401018/cs2013_112401018/lab10/src/4/4
==14128== 
1999999999111111110222222222
==14128== 
==14128== HEAP SUMMARY:
==14128==     in use at exit: 0 bytes in 0 blocks
==14128==   total heap usage: 11 allocs, 11 frees, 16,864 bytes allocated
==14128== 
==14128== All heap blocks were freed -- no leaks are possible
==14128== 
==14128== For lists of detected and suppressed errors, rerun with: -s
==14128== ERROR SUMMARY: 0 errors from 0 contexts (suppressed: 0 from 0)
===================

===================
test6: NO LEAKS
Valgrind output: 
==14133== Memcheck, a memory error detector
==14133== Copyright (C) 2002-2022, and GNU GPL'd, by Julian Seward et al.
==14133== Using Valgrind-3.22.0 and LibVEX; rerun with -h for copyright info
==14133== Command: /home/112401018/cs2013_112401018/lab10/src/4/4
==14133== 
234567890789086432913568775
==14133== 
==14133== HEAP SUMMARY:
==14133==     in use at exit: 0 bytes in 0 blocks
==14133==   total heap usage: 11 allocs, 11 frees, 16,864 bytes allocated
==14133== 
==14133== All heap blocks were freed -- no leaks are possible
==14133== 
==14133== For lists of detected and suppressed errors, rerun with: -s
==14133== ERROR SUMMARY: 0 errors from 0 contexts (suppressed: 0 from 0)
===================

===================
test1: NO LEAKS
Valgrind output: 
==14140== Memcheck, a memory error detector
==14140== Copyright (C) 2002-2022, and GNU GPL'd, by Julian Seward et al.
==14140== Using Valgrind-3.22.0 and LibVEX; rerun with -h for copyright info
==14140== Command: /home/112401018/cs2013_112401018/lab10/src/4/4
==14140== 
2469172018200002000000002
==14140== 
==14140== HEAP SUMMARY:
==14140==     in use at exit: 0 bytes in 0 blocks
==14140==   total heap usage: 11 allocs, 11 frees, 16,864 bytes allocated
==14140== 
==14140== All heap blocks were freed -- no leaks are possible
==14140== 
==14140== For lists of detected and suppressed errors, rerun with: -s
==14140== ERROR SUMMARY: 0 errors from 0 contexts (suppressed: 0 from 0)
===================

===================
test10: NO LEAKS
Valgrind output: 
==14145== Memcheck, a memory error detector
==14145== Copyright (C) 2002-2022, and GNU GPL'd, by Julian Seward et al.
==14145== Using Valgrind-3.22.0 and LibVEX; rerun with -h for copyright info
==14145== Command: /home/112401018/cs2013_112401018/lab10/src/4/4
==14145== 
1111111111111111111111111110
==14145== 
==14145== HEAP SUMMARY:
==14145==     in use at exit: 0 bytes in 0 blocks
==14145==   total heap usage: 11 allocs, 11 frees, 16,864 bytes allocated
==14145== 
==14145== All heap blocks were freed -- no leaks are possible
==14145== 
==14145== For lists of detected and suppressed errors, rerun with: -s
==14145== ERROR SUMMARY: 0 errors from 0 contexts (suppressed: 0 from 0)
===================

===================
test4: NO LEAKS
Valgrind output: 
==14150== Memcheck, a memory error detector
==14150== Copyright (C) 2002-2022, and GNU GPL'd, by Julian Seward et al.
==14150== Using Valgrind-3.22.0 and LibVEX; rerun with -h for copyright info
==14150== Command: /home/112401018/cs2013_112401018/lab10/src/4/4
==14150== 
101234586110100901100000001100000000100000000099999999
==14150== 
==14150== HEAP SUMMARY:
==14150==     in use at exit: 0 bytes in 0 blocks
==14150==   total heap usage: 11 allocs, 11 frees, 16,864 bytes allocated
==14150== 
==14150== All heap blocks were freed -- no leaks are possible
==14150== 
==14150== For lists of detected and suppressed errors, rerun with: -s
==14150== ERROR SUMMARY: 0 errors from 0 contexts (suppressed: 0 from 0)
===================

===================
test3: NO LEAKS
Valgrind output: 
==14155== Memcheck, a memory error detector
==14155== Copyright (C) 2002-2022, and GNU GPL'd, by Julian Seward et al.
==14155== Using Valgrind-3.22.0 and LibVEX; rerun with -h for copyright info
==14155== Command: /home/112401018/cs2013_112401018/lab10/src/4/4
==14155== 
1100000000099999999
==14155== 
==14155== HEAP SUMMARY:
==14155==     in use at exit: 0 bytes in 0 blocks
==14155==   total heap usage: 11 allocs, 11 frees, 16,864 bytes allocated
==14155== 
==14155== All heap blocks were freed -- no leaks are possible
==14155== 
==14155== For lists of detected and suppressed errors, rerun with: -s
==14155== ERROR SUMMARY: 0 errors from 0 contexts (suppressed: 0 from 0)
===================

++++++++++++++++++++++
TESTS_WITH_NO_LEAK: 11
TESTS_SHOWING_LEAK: 0
++++++++++++++++++++++

